New log file opened at Fri Sep 04 23:24:27 CST 2015 by 5596@lixiaofei-lt
Sending msg to client activator-5cd7bf81-f265-4e66-8e3e-c1db08632328: DetachedLogEvent(LogMessage(debug,sbt server socket logs are in: D:\workspace\workspace_self\note-play\.sbtserver\connections\master.log))
Sending msg to client activator-5cd7bf81-f265-4e66-8e3e-c1db08632328: DetachedLogEvent(LogMessage(debug,sbt general server logs are in: D:\workspace\workspace_self\note-play\.sbtserver\master.log))
Sending msg to client activator-5cd7bf81-f265-4e66-8e3e-c1db08632328: DetachedLogEvent(LogMessage(debug,sbt client logs are in: D:\workspace\workspace_self\note-play\.sbtserver\connections\activator-5cd7bf81-f265-4e66-8e3e-c1db08632328.log))
Reading next message from client.
Got request: ListenToEvents()
Reading next message from client.
Sending msg to client activator-5cd7bf81-f265-4e66-8e3e-c1db08632328: (3,ReceivedResponse())
Sending msg to client activator-5cd7bf81-f265-4e66-8e3e-c1db08632328: DetachedLogEvent(LogMessage(debug,	public: downloading https://repo1.maven.org/maven2/org/webjars/npm/2.11.2/npm-2.11.2.jar.sha1))
Sending msg to client activator-5cd7bf81-f265-4e66-8e3e-c1db08632328: DetachedLogEvent(LogMessage(debug,sha1 OK for https://repo1.maven.org/maven2/org/webjars/npm/2.11.2/npm-2.11.2.jar))
Sending msg to client activator-5cd7bf81-f265-4e66-8e3e-c1db08632328: DetachedLogEvent(LogStdOut([info] 	[SUCCESSFUL ] org.webjars#npm;2.11.2!npm.jar (46460ms)))
Sending msg to client activator-5cd7bf81-f265-4e66-8e3e-c1db08632328: DetachedLogEvent(LogMessage(info,	[SUCCESSFUL ] org.webjars#npm;2.11.2!npm.jar (46460ms)))
Sending msg to client activator-5cd7bf81-f265-4e66-8e3e-c1db08632328: DetachedLogEvent(LogMessage(debug,	[NOT REQUIRED] org.webjars#coffee-script-node;1.7.1!coffee-script-node.jar))
Sending msg to client activator-5cd7bf81-f265-4e66-8e3e-c1db08632328: DetachedLogEvent(LogMessage(debug,	[NOT REQUIRED] org.webjars#mkdirp;0.3.5!mkdirp.jar))
Sending msg to client activator-5cd7bf81-f265-4e66-8e3e-c1db08632328: DetachedLogEvent(LogMessage(debug,	[NOT REQUIRED] org.webjars#less-node;1.7.5!less-node.jar))
Sending msg to client activator-5cd7bf81-f265-4e66-8e3e-c1db08632328: DetachedLogEvent(LogMessage(debug,	[NOT REQUIRED] org.webjars#source-map;0.1.31-2!source-map.jar))
Sending msg to client activator-5cd7bf81-f265-4e66-8e3e-c1db08632328: DetachedLogEvent(LogMessage(debug,	[NOT REQUIRED] org.webjars#clean-css;2.2.7!clean-css.jar))
Sending msg to client activator-5cd7bf81-f265-4e66-8e3e-c1db08632328: DetachedLogEvent(LogMessage(debug,	[NOT REQUIRED] org.webjars#amdefine;0.1.0-1!amdefine.jar))
Sending msg to client activator-5cd7bf81-f265-4e66-8e3e-c1db08632328: DetachedLogEvent(LogMessage(debug,	[NOT REQUIRED] org.webjars#jshint-node;2.4.3!jshint-node.jar))
Sending msg to client activator-5cd7bf81-f265-4e66-8e3e-c1db08632328: DetachedLogEvent(LogMessage(debug,	[NOT REQUIRED] org.webjars#strip-json-comments;1.0.2-1!strip-json-comments.jar))
Sending msg to client activator-5cd7bf81-f265-4e66-8e3e-c1db08632328: DetachedLogEvent(LogMessage(debug,	[NOT REQUIRED] org.webjars#underscorejs;1.5.2-2!underscorejs.jar))
Sending msg to client activator-5cd7bf81-f265-4e66-8e3e-c1db08632328: DetachedLogEvent(LogMessage(debug,	[NOT REQUIRED] org.webjars#console-browserify;0.1.6-1!console-browserify.jar))
Sending msg to client activator-5cd7bf81-f265-4e66-8e3e-c1db08632328: DetachedLogEvent(LogMessage(debug,	[NOT REQUIRED] org.webjars#rjs;2.1.15!rjs.jar))
Sending msg to client activator-5cd7bf81-f265-4e66-8e3e-c1db08632328: DetachedLogEvent(LogMessage(debug,	[NOT REQUIRED] org.webjars#mocha;1.17.1!mocha.jar))
Sending msg to client activator-5cd7bf81-f265-4e66-8e3e-c1db08632328: DetachedLogEvent(LogMessage(debug,	[NOT REQUIRED] org.webjars#debug;0.7.4!debug.jar))
Sending msg to client activator-5cd7bf81-f265-4e66-8e3e-c1db08632328: DetachedLogEvent(LogMessage(debug,	[NOT REQUIRED] org.webjars#diff;1.0.7!diff.jar))
Sending msg to client activator-5cd7bf81-f265-4e66-8e3e-c1db08632328: DetachedLogEvent(LogMessage(debug,	[NOT REQUIRED] com.typesafe.play#play-enhancer;1.1.0!play-enhancer.jar))
Sending msg to client activator-5cd7bf81-f265-4e66-8e3e-c1db08632328: DetachedLogEvent(LogMessage(debug,	[NOT REQUIRED] org.scala-sbt#sbt;0.13.8!sbt.jar))
Sending msg to client activator-5cd7bf81-f265-4e66-8e3e-c1db08632328: DetachedLogEvent(LogMessage(debug,	[NOT REQUIRED] org.scala-sbt#main;0.13.8!main.jar))
Sending msg to client activator-5cd7bf81-f265-4e66-8e3e-c1db08632328: DetachedLogEvent(LogMessage(debug,	[NOT REQUIRED] org.scala-sbt#compiler-interface;0.13.8!compiler-interface-src.jar))
Sending msg to client activator-5cd7bf81-f265-4e66-8e3e-c1db08632328: DetachedLogEvent(LogMessage(debug,	[NOT REQUIRED] org.scala-sbt#compiler-interface;0.13.8!compiler-interface-bin.jar))
Sending msg to client activator-5cd7bf81-f265-4e66-8e3e-c1db08632328: DetachedLogEvent(LogMessage(debug,	[NOT REQUIRED] org.scala-sbt#precompiled-2_8_2;0.13.8!compiler-interface-bin.jar))
Sending msg to client activator-5cd7bf81-f265-4e66-8e3e-c1db08632328: DetachedLogEvent(LogMessage(debug,	[NOT REQUIRED] org.scala-sbt#precompiled-2_9_2;0.13.8!compiler-interface-bin.jar))
Sending msg to client activator-5cd7bf81-f265-4e66-8e3e-c1db08632328: DetachedLogEvent(LogMessage(debug,	[NOT REQUIRED] org.scala-sbt#precompiled-2_9_3;0.13.8!compiler-interface-bin.jar))
Sending msg to client activator-5cd7bf81-f265-4e66-8e3e-c1db08632328: DetachedLogEvent(LogMessage(debug,	[NOT REQUIRED] org.scala-sbt#actions;0.13.8!actions.jar))
Sending msg to client activator-5cd7bf81-f265-4e66-8e3e-c1db08632328: DetachedLogEvent(LogMessage(debug,	[NOT REQUIRED] org.scala-sbt#main-settings;0.13.8!main-settings.jar))
Sending msg to client activator-5cd7bf81-f265-4e66-8e3e-c1db08632328: DetachedLogEvent(LogMessage(debug,	[NOT REQUIRED] org.scala-sbt#interface;0.13.8!interface.jar))
Sending msg to client activator-5cd7bf81-f265-4e66-8e3e-c1db08632328: DetachedLogEvent(LogMessage(debug,	[NOT REQUIRED] org.scala-sbt#io;0.13.8!io.jar))
Sending msg to client activator-5cd7bf81-f265-4e66-8e3e-c1db08632328: DetachedLogEvent(LogMessage(debug,	[NOT REQUIRED] org.scala-sbt#ivy;0.13.8!ivy.jar))
Sending msg to client activator-5cd7bf81-f265-4e66-8e3e-c1db08632328: DetachedLogEvent(LogMessage(debug,	[NOT REQUIRED] org.scala-sbt#launcher-interface;0.13.8!launcher-interface.jar))
Sending msg to client activator-5cd7bf81-f265-4e66-8e3e-c1db08632328: DetachedLogEvent(LogMessage(debug,	[NOT REQUIRED] org.scala-sbt#logging;0.13.8!logging.jar))
Sending msg to client activator-5cd7bf81-f265-4e66-8e3e-c1db08632328: DetachedLogEvent(LogMessage(debug,	[NOT REQUIRED] org.scala-sbt#logic;0.13.8!logic.jar))
Sending msg to client activator-5cd7bf81-f265-4e66-8e3e-c1db08632328: DetachedLogEvent(LogMessage(debug,	[NOT REQUIRED] org.scala-sbt#process;0.13.8!process.jar))
Sending msg to client activator-5cd7bf81-f265-4e66-8e3e-c1db08632328: DetachedLogEvent(LogMessage(debug,	[NOT REQUIRED] org.scala-sbt#run;0.13.8!run.jar))
Sending msg to client activator-5cd7bf81-f265-4e66-8e3e-c1db08632328: DetachedLogEvent(LogMessage(debug,	[NOT REQUIRED] org.scala-sbt#command;0.13.8!command.jar))
Sending msg to client activator-5cd7bf81-f265-4e66-8e3e-c1db08632328: DetachedLogEvent(LogMessage(debug,	[NOT REQUIRED] org.scala-sbt#classpath;0.13.8!classpath.jar))
Sending msg to client activator-5cd7bf81-f265-4e66-8e3e-c1db08632328: DetachedLogEvent(LogMessage(debug,	[NOT REQUIRED] org.scala-sbt#completion;0.13.8!completion.jar))
Sending msg to client activator-5cd7bf81-f265-4e66-8e3e-c1db08632328: DetachedLogEvent(LogMessage(debug,	[NOT REQUIRED] org.scala-sbt#api;0.13.8!api.jar))
Sending msg to client activator-5cd7bf81-f265-4e66-8e3e-c1db08632328: DetachedLogEvent(LogMessage(debug,	[NOT REQUIRED] org.scala-sbt#compiler-integration;0.13.8!compiler-integration.jar))
Sending msg to client activator-5cd7bf81-f265-4e66-8e3e-c1db08632328: DetachedLogEvent(LogMessage(debug,	[NOT REQUIRED] org.scala-sbt#compiler-ivy-integration;0.13.8!compiler-ivy-integration.jar))
Sending msg to client activator-5cd7bf81-f265-4e66-8e3e-c1db08632328: DetachedLogEvent(LogMessage(debug,	[NOT REQUIRED] org.scala-sbt#relation;0.13.8!relation.jar))
Sending msg to client activator-5cd7bf81-f265-4e66-8e3e-c1db08632328: DetachedLogEvent(LogMessage(debug,	[NOT REQUIRED] org.scala-sbt#task-system;0.13.8!task-system.jar))
Sending msg to client activator-5cd7bf81-f265-4e66-8e3e-c1db08632328: DetachedLogEvent(LogMessage(debug,	[NOT REQUIRED] org.scala-sbt#tasks;0.13.8!tasks.jar))
Sending msg to client activator-5cd7bf81-f265-4e66-8e3e-c1db08632328: DetachedLogEvent(LogMessage(debug,	[NOT REQUIRED] org.scala-sbt#tracking;0.13.8!tracking.jar))
Sending msg to client activator-5cd7bf81-f265-4e66-8e3e-c1db08632328: DetachedLogEvent(LogMessage(debug,	[NOT REQUIRED] org.scala-sbt#testing;0.13.8!testing.jar))
Sending msg to client activator-5cd7bf81-f265-4e66-8e3e-c1db08632328: DetachedLogEvent(LogMessage(debug,	[NOT REQUIRED] org.scala-sbt#control;0.13.8!control.jar))
Sending msg to client activator-5cd7bf81-f265-4e66-8e3e-c1db08632328: DetachedLogEvent(LogMessage(debug,	[NOT REQUIRED] org.scala-sbt#collections;0.13.8!collections.jar))
Sending msg to client activator-5cd7bf81-f265-4e66-8e3e-c1db08632328: DetachedLogEvent(LogMessage(debug,	[NOT REQUIRED] jline#jline;2.11!jline.jar))
Sending msg to client activator-5cd7bf81-f265-4e66-8e3e-c1db08632328: DetachedLogEvent(LogMessage(debug,	[NOT REQUIRED] org.scala-sbt#incremental-compiler;0.13.8!incremental-compiler.jar))
Sending msg to client activator-5cd7bf81-f265-4e66-8e3e-c1db08632328: DetachedLogEvent(LogMessage(debug,	[NOT REQUIRED] org.scala-sbt#compile;0.13.8!compile.jar))
Sending msg to client activator-5cd7bf81-f265-4e66-8e3e-c1db08632328: DetachedLogEvent(LogMessage(debug,	[NOT REQUIRED] org.scala-sbt#persist;0.13.8!persist.jar))
Sending msg to client activator-5cd7bf81-f265-4e66-8e3e-c1db08632328: DetachedLogEvent(LogMessage(debug,	[NOT REQUIRED] org.scala-sbt#classfile;0.13.8!classfile.jar))
Sending msg to client activator-5cd7bf81-f265-4e66-8e3e-c1db08632328: DetachedLogEvent(LogMessage(debug,	[NOT REQUIRED] org.scala-tools.sbinary#sbinary_2.10;0.4.2!sbinary_2.10.jar))
Sending msg to client activator-5cd7bf81-f265-4e66-8e3e-c1db08632328: DetachedLogEvent(LogMessage(debug,	[NOT REQUIRED] org.scala-sbt#cross;0.13.8!cross.jar))
Sending msg to client activator-5cd7bf81-f265-4e66-8e3e-c1db08632328: DetachedLogEvent(LogMessage(debug,	[NOT REQUIRED] org.scala-sbt.ivy#ivy;2.3.0-sbt-fccfbd44c9f64523b61398a0155784dcbaeae28f!ivy.jar))
Sending msg to client activator-5cd7bf81-f265-4e66-8e3e-c1db08632328: DetachedLogEvent(LogMessage(debug,	[NOT REQUIRED] com.jcraft#jsch;0.1.46!jsch.jar))
Sending msg to client activator-5cd7bf81-f265-4e66-8e3e-c1db08632328: DetachedLogEvent(LogMessage(debug,	[NOT REQUIRED] org.scala-sbt#serialization_2.10;0.1.1!serialization_2.10.jar))
Sending msg to client activator-5cd7bf81-f265-4e66-8e3e-c1db08632328: DetachedLogEvent(LogMessage(debug,	[NOT REQUIRED] org.scala-lang.modules#scala-pickling_2.10;0.10.0!scala-pickling_2.10.jar))
Sending msg to client activator-5cd7bf81-f265-4e66-8e3e-c1db08632328: DetachedLogEvent(LogMessage(debug,	[NOT REQUIRED] org.json4s#json4s-core_2.10;3.2.10!json4s-core_2.10.jar))
Sending msg to client activator-5cd7bf81-f265-4e66-8e3e-c1db08632328: DetachedLogEvent(LogMessage(debug,	[NOT REQUIRED] org.spire-math#jawn-parser_2.10;0.6.0!jawn-parser_2.10.jar))
Sending msg to client activator-5cd7bf81-f265-4e66-8e3e-c1db08632328: DetachedLogEvent(LogMessage(debug,	[NOT REQUIRED] org.spire-math#json4s-support_2.10;0.6.0!json4s-support_2.10.jar))
Sending msg to client activator-5cd7bf81-f265-4e66-8e3e-c1db08632328: DetachedLogEvent(LogMessage(debug,	[NOT REQUIRED] org.scalamacros#quasiquotes_2.10;2.0.1!quasiquotes_2.10.jar))
Sending msg to client activator-5cd7bf81-f265-4e66-8e3e-c1db08632328: DetachedLogEvent(LogMessage(debug,	[NOT REQUIRED] org.json4s#json4s-ast_2.10;3.2.10!json4s-ast_2.10.jar))
Sending msg to client activator-5cd7bf81-f265-4e66-8e3e-c1db08632328: DetachedLogEvent(LogMessage(debug,	[NOT REQUIRED] com.thoughtworks.paranamer#paranamer;2.6!paranamer.jar))
Sending msg to client activator-5cd7bf81-f265-4e66-8e3e-c1db08632328: DetachedLogEvent(LogMessage(debug,	[NOT REQUIRED] org.scala-sbt#cache;0.13.8!cache.jar))
Sending msg to client activator-5cd7bf81-f265-4e66-8e3e-c1db08632328: DetachedLogEvent(LogMessage(debug,	[NOT REQUIRED] org.scala-sbt#test-agent;0.13.8!test-agent.jar))
Sending msg to client activator-5cd7bf81-f265-4e66-8e3e-c1db08632328: DetachedLogEvent(LogMessage(debug,	[NOT REQUIRED] org.scala-sbt#test-interface;1.0!test-interface.jar))
Sending msg to client activator-5cd7bf81-f265-4e66-8e3e-c1db08632328: DetachedLogEvent(LogMessage(debug,	[NOT REQUIRED] org.scala-sbt#apply-macro;0.13.8!apply-macro.jar))
Sending msg to client activator-5cd7bf81-f265-4e66-8e3e-c1db08632328: DetachedLogEvent(LogMessage(debug,	[NOT REQUIRED] org.scala-lang#jline;2.10.4!jline.jar))
Sending msg to client activator-5cd7bf81-f265-4e66-8e3e-c1db08632328: DetachedLogEvent(LogMessage(debug,	[NOT REQUIRED] org.fusesource.jansi#jansi;1.4!jansi.jar))
Sending msg to client activator-5cd7bf81-f265-4e66-8e3e-c1db08632328: DetachedLogEvent(LogMessage(debug,:: resolution report :: resolve 341758ms :: artifacts dl 229921ms))
Sending msg to client activator-5cd7bf81-f265-4e66-8e3e-c1db08632328: DetachedLogEvent(LogMessage(debug,	report for default#note-play-build;0.1-SNAPSHOT compile produced in D:\workspace\workspace_self\note-play\project\target\resolution-cache\reports\default-note-play-build-compile.xml))
Sending msg to client activator-5cd7bf81-f265-4e66-8e3e-c1db08632328: DetachedLogEvent(LogMessage(debug,	report for default#note-play-build;0.1-SNAPSHOT runtime produced in D:\workspace\workspace_self\note-play\project\target\resolution-cache\reports\default-note-play-build-runtime.xml))
Sending msg to client activator-5cd7bf81-f265-4e66-8e3e-c1db08632328: DetachedLogEvent(LogMessage(debug,	report for default#note-play-build;0.1-SNAPSHOT test produced in D:\workspace\workspace_self\note-play\project\target\resolution-cache\reports\default-note-play-build-test.xml))
Sending msg to client activator-5cd7bf81-f265-4e66-8e3e-c1db08632328: DetachedLogEvent(LogMessage(debug,	report for default#note-play-build;0.1-SNAPSHOT provided produced in D:\workspace\workspace_self\note-play\project\target\resolution-cache\reports\default-note-play-build-provided.xml))
Sending msg to client activator-5cd7bf81-f265-4e66-8e3e-c1db08632328: DetachedLogEvent(LogMessage(debug,	report for default#note-play-build;0.1-SNAPSHOT optional produced in D:\workspace\workspace_self\note-play\project\target\resolution-cache\reports\default-note-play-build-optional.xml))
Sending msg to client activator-5cd7bf81-f265-4e66-8e3e-c1db08632328: DetachedLogEvent(LogMessage(debug,	report for default#note-play-build;0.1-SNAPSHOT compile-internal produced in D:\workspace\workspace_self\note-play\project\target\resolution-cache\reports\default-note-play-build-compile-internal.xml))
Sending msg to client activator-5cd7bf81-f265-4e66-8e3e-c1db08632328: DetachedLogEvent(LogMessage(debug,	report for default#note-play-build;0.1-SNAPSHOT runtime-internal produced in D:\workspace\workspace_self\note-play\project\target\resolution-cache\reports\default-note-play-build-runtime-internal.xml))
Sending msg to client activator-5cd7bf81-f265-4e66-8e3e-c1db08632328: DetachedLogEvent(LogMessage(debug,	report for default#note-play-build;0.1-SNAPSHOT test-internal produced in D:\workspace\workspace_self\note-play\project\target\resolution-cache\reports\default-note-play-build-test-internal.xml))
Sending msg to client activator-5cd7bf81-f265-4e66-8e3e-c1db08632328: DetachedLogEvent(LogMessage(debug,	report for default#note-play-build;0.1-SNAPSHOT plugin produced in D:\workspace\workspace_self\note-play\project\target\resolution-cache\reports\default-note-play-build-plugin.xml))
Sending msg to client activator-5cd7bf81-f265-4e66-8e3e-c1db08632328: DetachedLogEvent(LogMessage(debug,	report for default#note-play-build;0.1-SNAPSHOT sources produced in D:\workspace\workspace_self\note-play\project\target\resolution-cache\reports\default-note-play-build-sources.xml))
Sending msg to client activator-5cd7bf81-f265-4e66-8e3e-c1db08632328: DetachedLogEvent(LogMessage(debug,	report for default#note-play-build;0.1-SNAPSHOT docs produced in D:\workspace\workspace_self\note-play\project\target\resolution-cache\reports\default-note-play-build-docs.xml))
Sending msg to client activator-5cd7bf81-f265-4e66-8e3e-c1db08632328: DetachedLogEvent(LogMessage(debug,	report for default#note-play-build;0.1-SNAPSHOT pom produced in D:\workspace\workspace_self\note-play\project\target\resolution-cache\reports\default-note-play-build-pom.xml))
Sending msg to client activator-5cd7bf81-f265-4e66-8e3e-c1db08632328: DetachedLogEvent(LogMessage(debug,	report for default#note-play-build;0.1-SNAPSHOT scala-tool produced in D:\workspace\workspace_self\note-play\project\target\resolution-cache\reports\default-note-play-build-scala-tool.xml))
Sending msg to client activator-5cd7bf81-f265-4e66-8e3e-c1db08632328: DetachedLogEvent(LogMessage(debug,	resolve done (341758ms resolve - 229921ms download)))
Sending msg to client activator-5cd7bf81-f265-4e66-8e3e-c1db08632328: DetachedLogEvent(LogStdOut([info] Done updating.))
Sending msg to client activator-5cd7bf81-f265-4e66-8e3e-c1db08632328: DetachedLogEvent(LogMessage(info,Done updating.))
Sending msg to client activator-5cd7bf81-f265-4e66-8e3e-c1db08632328: DetachedLogEvent(LogMessage(debug,
Initial source changes: 
	removed:Set()
	added: Set()
	modified: Set()
Removed products: Set()
External API changes: API Changes: Set()
Modified binary dependencies: Set()
Initial directly invalidated sources: Set()

Sources indirectly invalidated by:
	product: Set()
	binary dep: Set()
	external source: Set()))
Sending msg to client activator-5cd7bf81-f265-4e66-8e3e-c1db08632328: DetachedLogEvent(LogMessage(debug,All initially invalidated sources: Set()
))
Sending msg to client activator-5cd7bf81-f265-4e66-8e3e-c1db08632328: DetachedLogEvent(LogMessage(debug,Copy resource mappings: 
	))
Sending msg to client activator-5cd7bf81-f265-4e66-8e3e-c1db08632328: DetachedLogEvent(LogMessage(debug,[Loading] Scanning directory D:\workspace\workspace_self\note-play))
Sending msg to client activator-5cd7bf81-f265-4e66-8e3e-c1db08632328: DetachedLogEvent(LogMessage(debug,[Loading] Found root project root w/ remaining ))
Sending msg to client activator-5cd7bf81-f265-4e66-8e3e-c1db08632328: DetachedLogEvent(LogMessage(debug,deducing auto plugins based on known facts Set(Atom(play.sbt.PlayJava), Atom(sbt.plugins.CorePlugin)) and clauses Clauses(List(Clause(Atom(sbt.plugins.JvmPlugin),Set(Atom(sbt.plugins.IvyPlugin))), Clause(Atom(sbt.plugins.JUnitXmlReportPlugin),Set(Atom(sbt.plugins.JvmPlugin))), Clause(Atom(play.sbt.Play),Set(Atom(com.typesafe.sbt.packager.archetypes.JavaServerAppPackaging))), Clause(Atom(play.sbt.Play),Set(Atom(play.sbt.routes.RoutesCompiler))), Clause(Atom(play.sbt.Play),Set(Atom(play.twirl.sbt.SbtTwirl))), Clause(Atom(play.sbt.Play),Set(Atom(com.typesafe.sbt.jse.SbtJsTask))), Clause(Atom(play.sbt.PlayAkkaHttpServer),Set(Atom(play.sbt.Play))), Clause(Atom(play.sbt.PlayJava),Set(Atom(play.sbt.Play))), Clause(Atom(play.sbt.PlayLayoutPlugin),Set(Atom(play.sbt.Play))), Clause(Atom(play.sbt.PlayNettyServer),Set(Atom(play.sbt.Play))), Clause(Atom(play.sbt.PlayScala),Set(Atom(play.sbt.Play))), Clause(Atom(play.sbt.routes.RoutesCompiler),Set(Atom(sbt.plugins.JvmPlugin))), Clause(Atom(play.twirl.sbt.SbtTwirl),Set(Atom(sbt.plugins.JvmPlugin))), Clause(Atom(com.typesafe.sbt.packager.archetypes.AkkaAppPackaging),Set(Atom(com.typesafe.sbt.packager.archetypes.JavaAppPackaging))), Clause(Atom(com.typesafe.sbt.packager.archetypes.JavaAppPackaging),Set(Atom(com.typesafe.sbt.packager.windows.WindowsPlugin))), Clause(Atom(com.typesafe.sbt.packager.archetypes.JavaAppPackaging),Set(Atom(com.typesafe.sbt.packager.docker.DockerPlugin))), Clause(Atom(com.typesafe.sbt.packager.archetypes.JavaAppPackaging),Set(Atom(com.typesafe.sbt.packager.debian.DebianPlugin))), Clause(Atom(com.typesafe.sbt.packager.archetypes.JavaAppPackaging),Set(Atom(com.typesafe.sbt.packager.rpm.RpmPlugin))), Clause(Atom(com.typesafe.sbt.packager.archetypes.JavaServerAppPackaging),Set(Atom(com.typesafe.sbt.packager.archetypes.JavaAppPackaging))), Clause(Atom(com.typesafe.sbt.packager.archetypes.jar.ClasspathJarPlugin),Set(Atom(com.typesafe.sbt.packager.archetypes.JavaAppPackaging))), Clause(Atom(com.typesafe.sbt.packager.archetypes.jar.LauncherJarPlugin),Set(Atom(com.typesafe.sbt.packager.archetypes.JavaAppPackaging))), Clause(Atom(com.typesafe.sbt.packager.debian.DebianDeployPlugin),Set(Atom(com.typesafe.sbt.packager.debian.DebianPlugin))), Clause(Atom(com.typesafe.sbt.packager.debian.DebianPlugin),Set(Atom(com.typesafe.sbt.packager.linux.LinuxPlugin))), Clause(Atom(com.typesafe.sbt.packager.debian.JDebPackaging),Set(Atom(com.typesafe.sbt.packager.debian.DebianPlugin))), Clause(Atom(com.typesafe.sbt.packager.docker.DockerPlugin),Set(Atom(com.typesafe.sbt.packager.universal.UniversalPlugin))), Clause(Atom(com.typesafe.sbt.packager.jdkpackager.JDKPackagerDeployPlugin),Set(Atom(com.typesafe.sbt.packager.jdkpackager.JDKPackagerPlugin))), Clause(Atom(com.typesafe.sbt.packager.jdkpackager.JDKPackagerPlugin),Set(Atom(com.typesafe.sbt.packager.archetypes.JavaAppPackaging))), Clause(Atom(com.typesafe.sbt.packager.jdkpackager.JDKPackagerPlugin),Set(Atom(com.typesafe.sbt.packager.archetypes.jar.ClasspathJarPlugin))), Clause(Atom(com.typesafe.sbt.packager.linux.LinuxPlugin),Set(Atom(com.typesafe.sbt.packager.universal.UniversalPlugin))), Clause(Atom(com.typesafe.sbt.packager.rpm.RpmDeployPlugin),Set(Atom(com.typesafe.sbt.packager.rpm.RpmPlugin))), Clause(Atom(com.typesafe.sbt.packager.rpm.RpmPlugin),Set(Atom(com.typesafe.sbt.packager.linux.LinuxPlugin))), Clause(Atom(com.typesafe.sbt.packager.universal.UniversalDeployPlugin),Set(Atom(com.typesafe.sbt.packager.universal.UniversalPlugin))), Clause(Atom(com.typesafe.sbt.packager.universal.UniversalPlugin),Set(Atom(com.typesafe.sbt.SbtNativePackager))), Clause(Atom(com.typesafe.sbt.packager.windows.WindowsDeployPlugin),Set(Atom(com.typesafe.sbt.packager.windows.WindowsPlugin))), Clause(Atom(com.typesafe.sbt.packager.windows.WindowsPlugin),Set(Atom(com.typesafe.sbt.packager.universal.UniversalPlugin))), Clause(Atom(com.typesafe.sbt.web.SbtWeb),Set(Atom(sbt.plugins.JvmPlugin))), Clause(Atom(com.typesafe.sbt.jse.SbtJsEngine),Set(Atom(com.typesafe.sbt.web.SbtWeb))), Clause(Atom(com.typesafe.sbt.jse.SbtJsTask),Set(Atom(com.typesafe.sbt.jse.SbtJsEngine))), Clause(Atom(com.typesafe.sbt.coffeescript.SbtCoffeeScript),Set(Atom(com.typesafe.sbt.jse.SbtJsTask))), Clause(Atom(com.typesafe.sbt.less.SbtLess),Set(Atom(com.typesafe.sbt.jse.SbtJsTask))), Clause(Atom(com.typesafe.sbt.jshint.SbtJSHint),Set(Atom(com.typesafe.sbt.jse.SbtJsTask))), Clause(Atom(com.typesafe.sbt.rjs.SbtRjs),Set(Atom(com.typesafe.sbt.jse.SbtJsTask))), Clause(Atom(com.typesafe.sbt.digest.SbtDigest),Set(Atom(com.typesafe.sbt.web.SbtWeb))), Clause(Atom(com.typesafe.sbt.mocha.SbtMocha),Set(Atom(com.typesafe.sbt.jse.SbtJsTask))), Clause(Atom(com.typesafe.play.sbt.enhancer.PlayEnhancer),Set(Atom(sbt.plugins.JvmPlugin))), Clause(Atom(sbt.plugins.CorePlugin),Set(Atom(sbt.plugins.IvyPlugin))), Clause(Atom(sbt.plugins.IvyPlugin),Set(Atom(sbt.plugins.JvmPlugin))), Clause(Atom(sbt.plugins.JvmPlugin),Set(Atom(sbt.plugins.JUnitXmlReportPlugin))), Clause(Atom(play.sbt.Play),Set(Atom(play.sbt.PlayLayoutPlugin))), Clause(Atom(play.sbt.Play),Set(Atom(play.sbt.PlayNettyServer))), Clause(Atom(com.typesafe.sbt.web.SbtWeb),Set(Atom(com.typesafe.sbt.jse.SbtJsEngine))), Clause(Atom(com.typesafe.sbt.jse.SbtJsEngine),Set(Atom(com.typesafe.sbt.jse.SbtJsTask))), Clause(Atom(com.typesafe.sbt.jse.SbtJsTask),Set(Atom(com.typesafe.sbt.coffeescript.SbtCoffeeScript))), Clause(Atom(com.typesafe.sbt.jse.SbtJsTask),Set(Atom(com.typesafe.sbt.less.SbtLess))), Clause(Atom(com.typesafe.sbt.jse.SbtJsTask),Set(Atom(com.typesafe.sbt.jshint.SbtJSHint))), Clause(Atom(com.typesafe.sbt.jse.SbtJsTask),Set(Atom(com.typesafe.sbt.rjs.SbtRjs))), Clause(Atom(com.typesafe.sbt.web.SbtWeb),Set(Atom(com.typesafe.sbt.digest.SbtDigest))), Clause(Atom(com.typesafe.sbt.jse.SbtJsTask),Set(Atom(com.typesafe.sbt.mocha.SbtMocha))), Clause(Atom(sbt.plugins.JvmPlugin),Set(Atom(com.typesafe.play.sbt.enhancer.PlayEnhancer)))))))
Sending msg to client activator-5cd7bf81-f265-4e66-8e3e-c1db08632328: DetachedLogEvent(LogMessage(debug,  :: deduced result: Matched(sbt.plugins.CorePlugin,play.sbt.PlayJava,sbt.plugins.IvyPlugin,play.sbt.Play,com.typesafe.sbt.packager.archetypes.JavaServerAppPackaging,play.twirl.sbt.SbtTwirl,sbt.plugins.JvmPlugin,play.sbt.PlayNettyServer,play.sbt.PlayLayoutPlugin,play.sbt.routes.RoutesCompiler,com.typesafe.sbt.jse.SbtJsTask,com.typesafe.sbt.jshint.SbtJSHint,com.typesafe.play.sbt.enhancer.PlayEnhancer,com.typesafe.sbt.packager.archetypes.JavaAppPackaging,sbt.plugins.JUnitXmlReportPlugin,com.typesafe.sbt.mocha.SbtMocha,com.typesafe.sbt.less.SbtLess,com.typesafe.sbt.rjs.SbtRjs,com.typesafe.sbt.jse.SbtJsEngine,com.typesafe.sbt.coffeescript.SbtCoffeeScript,com.typesafe.sbt.packager.rpm.RpmPlugin,com.typesafe.sbt.packager.windows.WindowsPlugin,com.typesafe.sbt.web.SbtWeb,com.typesafe.sbt.packager.docker.DockerPlugin,com.typesafe.sbt.packager.debian.DebianPlugin,com.typesafe.sbt.digest.SbtDigest,com.typesafe.sbt.packager.universal.UniversalPlugin,com.typesafe.sbt.packager.linux.LinuxPlugin,com.typesafe.sbt.SbtNativePackager)))
Sending msg to client activator-5cd7bf81-f265-4e66-8e3e-c1db08632328: DetachedLogEvent(LogMessage(debug,sorting: ns: List(sbt.plugins.CorePlugin, play.sbt.PlayJava, sbt.plugins.IvyPlugin, play.sbt.Play, com.typesafe.sbt.packager.archetypes.JavaServerAppPackaging, play.twirl.sbt.SbtTwirl, sbt.plugins.JvmPlugin, play.sbt.PlayNettyServer, play.sbt.PlayLayoutPlugin, play.sbt.routes.RoutesCompiler, com.typesafe.sbt.jse.SbtJsTask, com.typesafe.sbt.jshint.SbtJSHint, com.typesafe.play.sbt.enhancer.PlayEnhancer, com.typesafe.sbt.packager.archetypes.JavaAppPackaging, sbt.plugins.JUnitXmlReportPlugin, com.typesafe.sbt.mocha.SbtMocha, com.typesafe.sbt.less.SbtLess, com.typesafe.sbt.rjs.SbtRjs, com.typesafe.sbt.jse.SbtJsEngine, com.typesafe.sbt.coffeescript.SbtCoffeeScript, com.typesafe.sbt.packager.rpm.RpmPlugin, com.typesafe.sbt.packager.windows.WindowsPlugin, com.typesafe.sbt.web.SbtWeb, com.typesafe.sbt.packager.docker.DockerPlugin, com.typesafe.sbt.packager.debian.DebianPlugin, com.typesafe.sbt.digest.SbtDigest, com.typesafe.sbt.packager.universal.UniversalPlugin, com.typesafe.sbt.packager.linux.LinuxPlugin, com.typesafe.sbt.SbtNativePackager)))
Sending msg to client activator-5cd7bf81-f265-4e66-8e3e-c1db08632328: DetachedLogEvent(LogMessage(debug,  :: sorting:: found: List(sbt.plugins.CorePlugin, com.typesafe.sbt.SbtNativePackager) not found List(play.sbt.PlayJava, sbt.plugins.IvyPlugin, play.sbt.Play, com.typesafe.sbt.packager.archetypes.JavaServerAppPackaging, play.twirl.sbt.SbtTwirl, sbt.plugins.JvmPlugin, play.sbt.PlayNettyServer, play.sbt.PlayLayoutPlugin, play.sbt.routes.RoutesCompiler, com.typesafe.sbt.jse.SbtJsTask, com.typesafe.sbt.jshint.SbtJSHint, com.typesafe.play.sbt.enhancer.PlayEnhancer, com.typesafe.sbt.packager.archetypes.JavaAppPackaging, sbt.plugins.JUnitXmlReportPlugin, com.typesafe.sbt.mocha.SbtMocha, com.typesafe.sbt.less.SbtLess, com.typesafe.sbt.rjs.SbtRjs, com.typesafe.sbt.jse.SbtJsEngine, com.typesafe.sbt.coffeescript.SbtCoffeeScript, com.typesafe.sbt.packager.rpm.RpmPlugin, com.typesafe.sbt.packager.windows.WindowsPlugin, com.typesafe.sbt.web.SbtWeb, com.typesafe.sbt.packager.docker.DockerPlugin, com.typesafe.sbt.packager.debian.DebianPlugin, com.typesafe.sbt.digest.SbtDigest, com.typesafe.sbt.packager.universal.UniversalPlugin, com.typesafe.sbt.packager.linux.LinuxPlugin)))
Sending msg to client activator-5cd7bf81-f265-4e66-8e3e-c1db08632328: DetachedLogEvent(LogMessage(debug,  :: sorting:: found: List(sbt.plugins.CorePlugin, com.typesafe.sbt.SbtNativePackager, sbt.plugins.IvyPlugin, com.typesafe.sbt.packager.universal.UniversalPlugin) not found List(play.sbt.PlayJava, play.sbt.Play, com.typesafe.sbt.packager.archetypes.JavaServerAppPackaging, play.twirl.sbt.SbtTwirl, sbt.plugins.JvmPlugin, play.sbt.PlayNettyServer, play.sbt.PlayLayoutPlugin, play.sbt.routes.RoutesCompiler, com.typesafe.sbt.jse.SbtJsTask, com.typesafe.sbt.jshint.SbtJSHint, com.typesafe.play.sbt.enhancer.PlayEnhancer, com.typesafe.sbt.packager.archetypes.JavaAppPackaging, sbt.plugins.JUnitXmlReportPlugin, com.typesafe.sbt.mocha.SbtMocha, com.typesafe.sbt.less.SbtLess, com.typesafe.sbt.rjs.SbtRjs, com.typesafe.sbt.jse.SbtJsEngine, com.typesafe.sbt.coffeescript.SbtCoffeeScript, com.typesafe.sbt.packager.rpm.RpmPlugin, com.typesafe.sbt.packager.windows.WindowsPlugin, com.typesafe.sbt.web.SbtWeb, com.typesafe.sbt.packager.docker.DockerPlugin, com.typesafe.sbt.packager.debian.DebianPlugin, com.typesafe.sbt.digest.SbtDigest, com.typesafe.sbt.packager.linux.LinuxPlugin)))
Sending msg to client activator-5cd7bf81-f265-4e66-8e3e-c1db08632328: DetachedLogEvent(LogMessage(debug,  :: sorting:: found: List(sbt.plugins.CorePlugin, com.typesafe.sbt.SbtNativePackager, sbt.plugins.IvyPlugin, com.typesafe.sbt.packager.universal.UniversalPlugin, sbt.plugins.JvmPlugin, com.typesafe.sbt.packager.windows.WindowsPlugin, com.typesafe.sbt.packager.docker.DockerPlugin, com.typesafe.sbt.packager.linux.LinuxPlugin) not found List(play.sbt.PlayJava, play.sbt.Play, com.typesafe.sbt.packager.archetypes.JavaServerAppPackaging, play.twirl.sbt.SbtTwirl, play.sbt.PlayNettyServer, play.sbt.PlayLayoutPlugin, play.sbt.routes.RoutesCompiler, com.typesafe.sbt.jse.SbtJsTask, com.typesafe.sbt.jshint.SbtJSHint, com.typesafe.play.sbt.enhancer.PlayEnhancer, com.typesafe.sbt.packager.archetypes.JavaAppPackaging, sbt.plugins.JUnitXmlReportPlugin, com.typesafe.sbt.mocha.SbtMocha, com.typesafe.sbt.less.SbtLess, com.typesafe.sbt.rjs.SbtRjs, com.typesafe.sbt.jse.SbtJsEngine, com.typesafe.sbt.coffeescript.SbtCoffeeScript, com.typesafe.sbt.packager.rpm.RpmPlugin, com.typesafe.sbt.web.SbtWeb, com.typesafe.sbt.packager.debian.DebianPlugin, com.typesafe.sbt.digest.SbtDigest)))
Sending msg to client activator-5cd7bf81-f265-4e66-8e3e-c1db08632328: DetachedLogEvent(LogMessage(debug,  :: sorting:: found: List(sbt.plugins.CorePlugin, com.typesafe.sbt.SbtNativePackager, sbt.plugins.IvyPlugin, com.typesafe.sbt.packager.universal.UniversalPlugin, sbt.plugins.JvmPlugin, com.typesafe.sbt.packager.windows.WindowsPlugin, com.typesafe.sbt.packager.docker.DockerPlugin, com.typesafe.sbt.packager.linux.LinuxPlugin, play.twirl.sbt.SbtTwirl, play.sbt.routes.RoutesCompiler, com.typesafe.play.sbt.enhancer.PlayEnhancer, sbt.plugins.JUnitXmlReportPlugin, com.typesafe.sbt.packager.rpm.RpmPlugin, com.typesafe.sbt.web.SbtWeb, com.typesafe.sbt.packager.debian.DebianPlugin) not found List(play.sbt.PlayJava, play.sbt.Play, com.typesafe.sbt.packager.archetypes.JavaServerAppPackaging, play.sbt.PlayNettyServer, play.sbt.PlayLayoutPlugin, com.typesafe.sbt.jse.SbtJsTask, com.typesafe.sbt.jshint.SbtJSHint, com.typesafe.sbt.packager.archetypes.JavaAppPackaging, com.typesafe.sbt.mocha.SbtMocha, com.typesafe.sbt.less.SbtLess, com.typesafe.sbt.rjs.SbtRjs, com.typesafe.sbt.jse.SbtJsEngine, com.typesafe.sbt.coffeescript.SbtCoffeeScript, com.typesafe.sbt.digest.SbtDigest)))
Sending msg to client activator-5cd7bf81-f265-4e66-8e3e-c1db08632328: DetachedLogEvent(LogMessage(debug,  :: sorting:: found: List(sbt.plugins.CorePlugin, com.typesafe.sbt.SbtNativePackager, sbt.plugins.IvyPlugin, com.typesafe.sbt.packager.universal.UniversalPlugin, sbt.plugins.JvmPlugin, com.typesafe.sbt.packager.windows.WindowsPlugin, com.typesafe.sbt.packager.docker.DockerPlugin, com.typesafe.sbt.packager.linux.LinuxPlugin, play.twirl.sbt.SbtTwirl, play.sbt.routes.RoutesCompiler, com.typesafe.play.sbt.enhancer.PlayEnhancer, sbt.plugins.JUnitXmlReportPlugin, com.typesafe.sbt.packager.rpm.RpmPlugin, com.typesafe.sbt.web.SbtWeb, com.typesafe.sbt.packager.debian.DebianPlugin, com.typesafe.sbt.packager.archetypes.JavaAppPackaging, com.typesafe.sbt.jse.SbtJsEngine, com.typesafe.sbt.digest.SbtDigest) not found List(play.sbt.PlayJava, play.sbt.Play, com.typesafe.sbt.packager.archetypes.JavaServerAppPackaging, play.sbt.PlayNettyServer, play.sbt.PlayLayoutPlugin, com.typesafe.sbt.jse.SbtJsTask, com.typesafe.sbt.jshint.SbtJSHint, com.typesafe.sbt.mocha.SbtMocha, com.typesafe.sbt.less.SbtLess, com.typesafe.sbt.rjs.SbtRjs, com.typesafe.sbt.coffeescript.SbtCoffeeScript)))
Sending msg to client activator-5cd7bf81-f265-4e66-8e3e-c1db08632328: DetachedLogEvent(LogMessage(debug,  :: sorting:: found: List(sbt.plugins.CorePlugin, com.typesafe.sbt.SbtNativePackager, sbt.plugins.IvyPlugin, com.typesafe.sbt.packager.universal.UniversalPlugin, sbt.plugins.JvmPlugin, com.typesafe.sbt.packager.windows.WindowsPlugin, com.typesafe.sbt.packager.docker.DockerPlugin, com.typesafe.sbt.packager.linux.LinuxPlugin, play.twirl.sbt.SbtTwirl, play.sbt.routes.RoutesCompiler, com.typesafe.play.sbt.enhancer.PlayEnhancer, sbt.plugins.JUnitXmlReportPlugin, com.typesafe.sbt.packager.rpm.RpmPlugin, com.typesafe.sbt.web.SbtWeb, com.typesafe.sbt.packager.debian.DebianPlugin, com.typesafe.sbt.packager.archetypes.JavaAppPackaging, com.typesafe.sbt.jse.SbtJsEngine, com.typesafe.sbt.digest.SbtDigest, com.typesafe.sbt.packager.archetypes.JavaServerAppPackaging, com.typesafe.sbt.jse.SbtJsTask) not found List(play.sbt.PlayJava, play.sbt.Play, play.sbt.PlayNettyServer, play.sbt.PlayLayoutPlugin, com.typesafe.sbt.jshint.SbtJSHint, com.typesafe.sbt.mocha.SbtMocha, com.typesafe.sbt.less.SbtLess, com.typesafe.sbt.rjs.SbtRjs, com.typesafe.sbt.coffeescript.SbtCoffeeScript)))
Sending msg to client activator-5cd7bf81-f265-4e66-8e3e-c1db08632328: DetachedLogEvent(LogMessage(debug,  :: sorting:: found: List(sbt.plugins.CorePlugin, com.typesafe.sbt.SbtNativePackager, sbt.plugins.IvyPlugin, com.typesafe.sbt.packager.universal.UniversalPlugin, sbt.plugins.JvmPlugin, com.typesafe.sbt.packager.windows.WindowsPlugin, com.typesafe.sbt.packager.docker.DockerPlugin, com.typesafe.sbt.packager.linux.LinuxPlugin, play.twirl.sbt.SbtTwirl, play.sbt.routes.RoutesCompiler, com.typesafe.play.sbt.enhancer.PlayEnhancer, sbt.plugins.JUnitXmlReportPlugin, com.typesafe.sbt.packager.rpm.RpmPlugin, com.typesafe.sbt.web.SbtWeb, com.typesafe.sbt.packager.debian.DebianPlugin, com.typesafe.sbt.packager.archetypes.JavaAppPackaging, com.typesafe.sbt.jse.SbtJsEngine, com.typesafe.sbt.digest.SbtDigest, com.typesafe.sbt.packager.archetypes.JavaServerAppPackaging, com.typesafe.sbt.jse.SbtJsTask, play.sbt.Play, com.typesafe.sbt.jshint.SbtJSHint, com.typesafe.sbt.mocha.SbtMocha, com.typesafe.sbt.less.SbtLess, com.typesafe.sbt.rjs.SbtRjs, com.typesafe.sbt.coffeescript.SbtCoffeeScript) not found List(play.sbt.PlayJava, play.sbt.PlayNettyServer, play.sbt.PlayLayoutPlugin)))
Sending msg to client activator-5cd7bf81-f265-4e66-8e3e-c1db08632328: DetachedLogEvent(LogMessage(debug,  :: sorting:: found: List(sbt.plugins.CorePlugin, com.typesafe.sbt.SbtNativePackager, sbt.plugins.IvyPlugin, com.typesafe.sbt.packager.universal.UniversalPlugin, sbt.plugins.JvmPlugin, com.typesafe.sbt.packager.windows.WindowsPlugin, com.typesafe.sbt.packager.docker.DockerPlugin, com.typesafe.sbt.packager.linux.LinuxPlugin, play.twirl.sbt.SbtTwirl, play.sbt.routes.RoutesCompiler, com.typesafe.play.sbt.enhancer.PlayEnhancer, sbt.plugins.JUnitXmlReportPlugin, com.typesafe.sbt.packager.rpm.RpmPlugin, com.typesafe.sbt.web.SbtWeb, com.typesafe.sbt.packager.debian.DebianPlugin, com.typesafe.sbt.packager.archetypes.JavaAppPackaging, com.typesafe.sbt.jse.SbtJsEngine, com.typesafe.sbt.digest.SbtDigest, com.typesafe.sbt.packager.archetypes.JavaServerAppPackaging, com.typesafe.sbt.jse.SbtJsTask, play.sbt.Play, com.typesafe.sbt.jshint.SbtJSHint, com.typesafe.sbt.mocha.SbtMocha, com.typesafe.sbt.less.SbtLess, com.typesafe.sbt.rjs.SbtRjs, com.typesafe.sbt.coffeescript.SbtCoffeeScript, play.sbt.PlayJava, play.sbt.PlayNettyServer, play.sbt.PlayLayoutPlugin) not found List()))
Sending msg to client activator-5cd7bf81-f265-4e66-8e3e-c1db08632328: DetachedLogEvent(LogMessage(debug,  :: sorted deduced result: List(sbt.plugins.CorePlugin, com.typesafe.sbt.SbtNativePackager, sbt.plugins.IvyPlugin, com.typesafe.sbt.packager.universal.UniversalPlugin, sbt.plugins.JvmPlugin, com.typesafe.sbt.packager.windows.WindowsPlugin, com.typesafe.sbt.packager.docker.DockerPlugin, com.typesafe.sbt.packager.linux.LinuxPlugin, play.twirl.sbt.SbtTwirl, play.sbt.routes.RoutesCompiler, com.typesafe.play.sbt.enhancer.PlayEnhancer, sbt.plugins.JUnitXmlReportPlugin, com.typesafe.sbt.packager.rpm.RpmPlugin, com.typesafe.sbt.web.SbtWeb, com.typesafe.sbt.packager.debian.DebianPlugin, com.typesafe.sbt.packager.archetypes.JavaAppPackaging, com.typesafe.sbt.jse.SbtJsEngine, com.typesafe.sbt.digest.SbtDigest, com.typesafe.sbt.packager.archetypes.JavaServerAppPackaging, com.typesafe.sbt.jse.SbtJsTask, play.sbt.Play, com.typesafe.sbt.jshint.SbtJSHint, com.typesafe.sbt.mocha.SbtMocha, com.typesafe.sbt.less.SbtLess, com.typesafe.sbt.rjs.SbtRjs, com.typesafe.sbt.coffeescript.SbtCoffeeScript, play.sbt.PlayJava, play.sbt.PlayNettyServer, play.sbt.PlayLayoutPlugin)))
Sending msg to client activator-5cd7bf81-f265-4e66-8e3e-c1db08632328: DetachedLogEvent(LogMessage(debug,[Loading] Done in D:\workspace\workspace_self\note-play, returning: (root)))
Sending msg to client activator-5cd7bf81-f265-4e66-8e3e-c1db08632328: DetachedLogEvent(LogMessage(info,Set current project to note-play (in build file:/D:/workspace/workspace_self/note-play/)))
Sending msg to client activator-5cd7bf81-f265-4e66-8e3e-c1db08632328: DetachedLogEvent(LogMessage(info,Reapplying settings...))
Sending msg to client activator-5cd7bf81-f265-4e66-8e3e-c1db08632328: DetachedLogEvent(LogMessage(info,Set current project to note-play (in build file:/D:/workspace/workspace_self/note-play/)))
Sending msg to client activator-5cd7bf81-f265-4e66-8e3e-c1db08632328: DetachedLogEvent(LogMessage(debug,> iflast shell))
Sending msg to client activator-5cd7bf81-f265-4e66-8e3e-c1db08632328: DetachedLogEvent(LogMessage(debug,> server-send-ready-for-request))
Sending msg to client activator-5cd7bf81-f265-4e66-8e3e-c1db08632328: BuildLoaded()
Sending msg to client activator-5cd7bf81-f265-4e66-8e3e-c1db08632328: DetachedLogEvent(LogMessage(debug,> server-handle-next-server-request))
Got request: KeyLookupRequest(name)
Reading next message from client.
Sending msg to client activator-5cd7bf81-f265-4e66-8e3e-c1db08632328: (4,KeyLookupResponse(name,Vector(AttributeKey[java.lang.String]("name") in Scope(Build: file:/D:/workspace/workspace_self/note-play/, , Project: ProjectReference(file:/D:/workspace/workspace_self/note-play/,root)))))
Got request: ListenToValue(AttributeKey[java.lang.String]("name") in Scope(Build: file:/D:/workspace/workspace_self/note-play/, , Project: ProjectReference(file:/D:/workspace/workspace_self/note-play/,root)))
Reading next message from client.
Got request: SendSyntheticValueChanged(AttributeKey[java.lang.String]("name") in Scope(Build: file:/D:/workspace/workspace_self/note-play/, , Project: ProjectReference(file:/D:/workspace/workspace_self/note-play/,root)))
Reading next message from client.
Sending msg to client activator-5cd7bf81-f265-4e66-8e3e-c1db08632328: ValueChanged(AttributeKey[java.lang.String]("name") in Scope(Build: file:/D:/workspace/workspace_self/note-play/, , Project: ProjectReference(file:/D:/workspace/workspace_self/note-play/,root)),TaskSuccess(BuildValue(LazyValue(note-play,scala.pickling.PicklerUnpickler$DelegatingPicklerUnpickler@4364ca65),note-play)))
Sending msg to client activator-5cd7bf81-f265-4e66-8e3e-c1db08632328: (5,ReceivedResponse())
Sending msg to client activator-5cd7bf81-f265-4e66-8e3e-c1db08632328: ValueChanged(AttributeKey[java.lang.String]("name") in Scope(Build: file:/D:/workspace/workspace_self/note-play/, , Project: ProjectReference(file:/D:/workspace/workspace_self/note-play/,root)),TaskSuccess(BuildValue(LazyValue(note-play,scala.pickling.PicklerUnpickler$DelegatingPicklerUnpickler@4364ca65),note-play)))
Sending msg to client activator-5cd7bf81-f265-4e66-8e3e-c1db08632328: (6,ReceivedResponse())
Got request: UnlistenToValue(AttributeKey[java.lang.String]("name") in Scope(Build: file:/D:/workspace/workspace_self/note-play/, , Project: ProjectReference(file:/D:/workspace/workspace_self/note-play/,root)))
Reading next message from client.
Got request: UnlistenToEvents()
Reading next message from client.
Client activator-5cd7bf81-f265-4e66-8e3e-c1db08632328 EOF, shutting down.
Stopping client.
Client activator-5cd7bf81-f265-4e66-8e3e-c1db08632328 thread exiting.
Dropping message (7,ReceivedResponse()) to dead client activator-5cd7bf81-f265-4e66-8e3e-c1db08632328
Dropping message (8,ReceivedResponse()) to dead client activator-5cd7bf81-f265-4e66-8e3e-c1db08632328
Dropping message (0,ReceivedResponse()) to dead client activator-5cd7bf81-f265-4e66-8e3e-c1db08632328
